This is pdfTeX, Version 3.1415926-2.4-1.40.13 (TeX Live 2012/Debian) (format=latex 2013.8.6)  7 AUG 2013 17:44
entering extended mode
 restricted \write18 enabled.
 %&-line parsing enabled.
**layaureo.ins
(./layaureo.ins
LaTeX2e <2011/06/27>
Babel <v3.8m> and hyphenation patterns for english, dumylang, nohyphenation, lo
aded.
(/usr/share/texlive/texmf-dist/tex/latex/base/docstrip.tex
\blockLevel=\count79
\emptyLines=\count80
\processedLines=\count81
\commentsRemoved=\count82
\commentsPassed=\count83
\codeLinesPassed=\count84
\TotalprocessedLines=\count85
\TotalcommentsRemoved=\count86
\TotalcommentsPassed=\count87
\TotalcodeLinesPassed=\count88
\NumberOfFiles=\count89
\inFile=\read1
\inputcheck=\read2
\off@0=\count90
\off@1=\count91
\off@2=\count92
\off@3=\count93
\off@4=\count94
\off@5=\count95
\off@6=\count96
\off@7=\count97
\off@8=\count98
\off@9=\count99
\off@10=\count100
\off@11=\count101
\off@12=\count102
\off@13=\count103
\off@14=\count104
\off@15=\count105
\@maxfiles=\count106
\@maxoutfiles=\count107

Utility: `docstrip' 2.5d <2005/07/29>
English documentation    <1999/03/31>

**********************************************************
* This program converts documented macro-files into fast *
* loadable files by stripping off (nearly) all comments! *
**********************************************************

********************************************************
* No Configuration file found, using default settings. *
********************************************************

)
*** Generating the package files ***

Generating file(s) ./layaureo.sty 
\openout0 = `./layaureo.sty'.


Processing file layaureo.dtx (style) -> layaureo.sty
File layaureo.dtx ended by \endinput.
Lines  processed: 546
Comments removed: 445
Comments  passed: 1
Codelines passed: 96

***********************************************************
*
* To finish the installation you have to move the following
* files into a directory searched by TeX:
*
*   layaureo.sty
*
*
* To produce the documentation on layaureo's code run the
* file ending with `.dtx' through (pdf)LaTeX.
*
* Happy TeXing
***********************************************************
 ) 
Here is how much of TeX's memory you used:
 311 strings out of 495060
 3156 string characters out of 3182054
 51304 words of memory out of 3000000
 3588 multiletter control sequences out of 15000+200000
 3640 words of font info for 14 fonts, out of 3000000 for 9000
 14 hyphenation exceptions out of 8191
 11i,0n,15p,128b,120s stack positions out of 5000i,500n,10000p,200000b,50000s

No pages of output.
